{
  "stats": {
    "suites": 5,
    "tests": 6,
    "passes": 6,
    "pending": 0,
    "failures": 0,
    "start": "2024-09-20T02:40:46.351Z",
    "end": "2024-09-20T02:41:01.232Z",
    "duration": 14881,
    "testsRegistered": 6,
    "passPercent": 100,
    "pendingPercent": 0,
    "other": 0,
    "hasOther": false,
    "skipped": 0,
    "hasSkipped": false
  },
  "results": [
    {
      "uuid": "b6c023a8-2bb6-44f1-8fb8-662bec70dc8c",
      "title": "",
      "fullFile": "cypress\\e2e\\logintests.cy.js",
      "file": "cypress\\e2e\\logintests.cy.js",
      "beforeHooks": [],
      "afterHooks": [],
      "tests": [],
      "suites": [
        {
          "uuid": "3b855d77-4b86-443f-8143-aa5ebc00c831",
          "title": "Login Tests",
          "fullFile": "",
          "file": "",
          "beforeHooks": [],
          "afterHooks": [],
          "tests": [
            {
              "title": "Debería iniciar sesión correctamente con credenciales válidas de ${user.email}",
              "fullTitle": "Login Tests Debería iniciar sesión correctamente con credenciales válidas de ${user.email}",
              "timedOut": null,
              "duration": 4573,
              "state": "passed",
              "speed": "fast",
              "pass": true,
              "fail": false,
              "pending": false,
              "context": null,
              "code": "cy.get(\"#email\").type(user.email);\ncy.get(\"#password\").type(user.password);\ncy.get('[data-testid=\"login-submit\"]').click();\ncy.url().should('include', '/dashboard');",
              "err": {},
              "uuid": "d92b0ea8-7007-4769-81ba-48569b7d17e0",
              "parentUUID": "3b855d77-4b86-443f-8143-aa5ebc00c831",
              "isHook": false,
              "skipped": false
            },
            {
              "title": "Debería iniciar sesión correctamente con credenciales válidas de ${user.email}",
              "fullTitle": "Login Tests Debería iniciar sesión correctamente con credenciales válidas de ${user.email}",
              "timedOut": null,
              "duration": 1976,
              "state": "passed",
              "speed": "fast",
              "pass": true,
              "fail": false,
              "pending": false,
              "context": null,
              "code": "cy.get(\"#email\").type(user.email);\ncy.get(\"#password\").type(user.password);\ncy.get('[data-testid=\"login-submit\"]').click();\ncy.url().should('include', '/dashboard');",
              "err": {},
              "uuid": "83a35eb4-3002-4d68-95c2-ac8e3cc2ab98",
              "parentUUID": "3b855d77-4b86-443f-8143-aa5ebc00c831",
              "isHook": false,
              "skipped": false
            }
          ],
          "suites": [
            {
              "uuid": "0c8b9b71-8044-4bb8-a0cc-e6330897765d",
              "title": "Login Tests",
              "fullFile": "",
              "file": "",
              "beforeHooks": [],
              "afterHooks": [],
              "tests": [
                {
                  "title": "Usuario válido y contraseña inválida",
                  "fullTitle": "Login Tests Login Tests Usuario válido y contraseña inválida",
                  "timedOut": null,
                  "duration": 1317,
                  "state": "passed",
                  "speed": "fast",
                  "pass": true,
                  "fail": false,
                  "pending": false,
                  "context": null,
                  "code": "cy.get('#email').type('user@alternova.com');\ncy.get('#password').type('incorrectpassword');\ncy.get('[data-testid=\"login-submit\"]').click();\ncy.on('window:alert', text => {\n  expect(text).to.equal('Login failed. Please try again');\n});",
                  "err": {},
                  "uuid": "bf70ce2d-eae1-4999-bdc9-ec982af695f5",
                  "parentUUID": "0c8b9b71-8044-4bb8-a0cc-e6330897765d",
                  "isHook": false,
                  "skipped": false
                }
              ],
              "suites": [],
              "passes": [
                "bf70ce2d-eae1-4999-bdc9-ec982af695f5"
              ],
              "failures": [],
              "pending": [],
              "skipped": [],
              "duration": 1317,
              "root": false,
              "rootEmpty": false,
              "_timeout": 2000
            },
            {
              "uuid": "3c20032a-79d2-4beb-a947-3cf02db88972",
              "title": "Login Tests",
              "fullFile": "",
              "file": "",
              "beforeHooks": [],
              "afterHooks": [],
              "tests": [
                {
                  "title": "Autenticación social con Google fallida",
                  "fullTitle": "Login Tests Login Tests Autenticación social con Google fallida",
                  "timedOut": null,
                  "duration": 2769,
                  "state": "passed",
                  "speed": "fast",
                  "pass": true,
                  "fail": false,
                  "pending": false,
                  "context": null,
                  "code": "cy.get('button').contains('Sign in with Google').should('be.visible');\ncy.get('.btn-google-sign-in').click();\ncy.window().then(win => {\n  cy.stub(win, 'open').as('windowOpen');\n});\ncy.wait(2000);\ncy.on('window:alert', text => {\n  expect(text).to.equal('Login with Google failed. Please try again');\n});",
                  "err": {},
                  "uuid": "0e3f0209-a3bf-467e-8929-68cfae1ceb6c",
                  "parentUUID": "3c20032a-79d2-4beb-a947-3cf02db88972",
                  "isHook": false,
                  "skipped": false
                }
              ],
              "suites": [],
              "passes": [
                "0e3f0209-a3bf-467e-8929-68cfae1ceb6c"
              ],
              "failures": [],
              "pending": [],
              "skipped": [],
              "duration": 2769,
              "root": false,
              "rootEmpty": false,
              "_timeout": 2000
            },
            {
              "uuid": "d80ad886-39e7-461c-a91c-fe6086249363",
              "title": "Login Tests",
              "fullFile": "",
              "file": "",
              "beforeHooks": [],
              "afterHooks": [],
              "tests": [
                {
                  "title": "Usuario válido y contraseña inválida",
                  "fullTitle": "Login Tests Login Tests Usuario válido y contraseña inválida",
                  "timedOut": null,
                  "duration": 1317,
                  "state": "passed",
                  "speed": "fast",
                  "pass": true,
                  "fail": false,
                  "pending": false,
                  "context": null,
                  "code": "cy.get('#email').type('user@alternova.com');\ncy.get('#password').type('incorrectpassword');\ncy.get('[data-testid=\"login-submit\"]').click();\ncy.on('window:alert', text => {\n  expect(text).to.equal('Login failed. Please try again');\n});",
                  "err": {},
                  "uuid": "dc5ed7f6-7eb0-4cb4-b676-605f10a2227d",
                  "parentUUID": "d80ad886-39e7-461c-a91c-fe6086249363",
                  "isHook": false,
                  "skipped": false
                }
              ],
              "suites": [],
              "passes": [
                "dc5ed7f6-7eb0-4cb4-b676-605f10a2227d"
              ],
              "failures": [],
              "pending": [],
              "skipped": [],
              "duration": 1317,
              "root": false,
              "rootEmpty": false,
              "_timeout": 2000
            },
            {
              "uuid": "4a9e920f-c744-46f1-b96b-b02d53861cbd",
              "title": "Login Tests",
              "fullFile": "",
              "file": "",
              "beforeHooks": [],
              "afterHooks": [],
              "tests": [
                {
                  "title": "Autenticación social con Google fallida",
                  "fullTitle": "Login Tests Login Tests Autenticación social con Google fallida",
                  "timedOut": null,
                  "duration": 2562,
                  "state": "passed",
                  "speed": "fast",
                  "pass": true,
                  "fail": false,
                  "pending": false,
                  "context": null,
                  "code": "cy.get('button').contains('Sign in with Google').should('be.visible');\ncy.get('.btn-google-sign-in').click();\ncy.window().then(win => {\n  cy.stub(win, 'open').as('windowOpen');\n});\ncy.wait(2000);\ncy.on('window:alert', text => {\n  expect(text).to.equal('Login with Google failed. Please try again');\n});",
                  "err": {},
                  "uuid": "91e2730f-97f9-4b8d-a6e7-2c296f777287",
                  "parentUUID": "4a9e920f-c744-46f1-b96b-b02d53861cbd",
                  "isHook": false,
                  "skipped": false
                }
              ],
              "suites": [],
              "passes": [
                "91e2730f-97f9-4b8d-a6e7-2c296f777287"
              ],
              "failures": [],
              "pending": [],
              "skipped": [],
              "duration": 2562,
              "root": false,
              "rootEmpty": false,
              "_timeout": 2000
            }
          ],
          "passes": [
            "d92b0ea8-7007-4769-81ba-48569b7d17e0",
            "83a35eb4-3002-4d68-95c2-ac8e3cc2ab98"
          ],
          "failures": [],
          "pending": [],
          "skipped": [],
          "duration": 6549,
          "root": false,
          "rootEmpty": false,
          "_timeout": 2000
        }
      ],
      "passes": [],
      "failures": [],
      "pending": [],
      "skipped": [],
      "duration": 0,
      "root": true,
      "rootEmpty": true,
      "_timeout": 2000
    }
  ],
  "meta": {
    "mocha": {
      "version": "7.0.1"
    },
    "mochawesome": {
      "options": {
        "quiet": false,
        "reportFilename": "report",
        "saveHtml": true,
        "saveJson": true,
        "consoleReporter": "spec",
        "useInlineDiffs": false,
        "code": true
      },
      "version": "7.1.3"
    },
    "marge": {
      "options": {
        "reportDir": "cypress/reports",
        "overwrite": false,
        "html": true,
        "json": true,
        "reportFilename": "report",
        "charts": true,
        "reportPageTitle": "Cypress Test Report",
        "embeddedScreenshots": true
      },
      "version": "6.2.0"
    }
  }
}